<?xml version="1.0" encoding="UTF-8"?>
<!-- Generated by org.testng.reporters.JUnitXMLReporter -->
<testsuite ignored="0" hostname="DESKTOP-8G0J9BJ" failures="1" tests="5" name="Surefire test" time="6.099" errors="0" timestamp="2023-04-21T16:59:54 AWST">
  <testcase classname="Spotify.OAuth2.Tests.PlaylistTest" name="notAbleToCreatePlaylistWithInvalidToken" time="4.228"/>
  <testcase classname="Spotify.OAuth2.Tests.PlaylistTest" name="notAbleToCreatePlaylist" time="5.629"/>
  <testcase classname="Spotify.OAuth2.Tests.PlaylistTest" name="ableToGetPlaylist" time="5.65">
    <failure type="java.lang.AssertionError" message="
Expected: &amp;quot;Playlist30hXZT,dK0_m_,_&amp;quot;
     but: was &amp;quot;Playlist0,HK 8__  Qk V &amp;quot;">
      <![CDATA[java.lang.AssertionError: 
Expected: "Playlist30hXZT,dK0_m_,_"
     but: was "Playlist0,HK 8__  Qk V "
at org.hamcrest.MatcherAssert.assertThat(MatcherAssert.java:20)
at org.hamcrest.MatcherAssert.assertThat(MatcherAssert.java:6)
at Spotify.OAuth2.Tests.PlaylistTest.assertPlaylistEqual(PlaylistTest.java:34)
at Spotify.OAuth2.Tests.PlaylistTest.ableToGetPlaylist(PlaylistTest.java:90)
at java.base/java.util.concurrent.ThreadPoolExecutor.runWorker(ThreadPoolExecutor.java:1128)
at java.base/java.util.concurrent.ThreadPoolExecutor$Worker.run(ThreadPoolExecutor.java:628)
at java.base/java.lang.Thread.run(Thread.java:834)
... Removed 12 stack frames]]>
    </failure>
  </testcase> <!-- ableToGetPlaylist -->
  <testcase classname="Spotify.OAuth2.Tests.PlaylistTest" name="ableToUpdatePlaylist" time="5.716"/>
  <testcase classname="Spotify.OAuth2.Tests.PlaylistTest" name="ableToCreatePlaylist" time="5.777"/>
</testsuite> <!-- Surefire test -->
