<?xml version="1.0" encoding="UTF-8"?>
<testsuite xmlns:xsi="http://www.w3.org/2001/XMLSchema-instance" xsi:noNamespaceSchemaLocation="https://maven.apache.org/surefire/maven-surefire-plugin/xsd/surefire-test-report-3.0.xsd" version="3.0" name="TestSuite" time="7.961" tests="5" errors="0" skipped="0" failures="1">
  <properties>
[...]
</properties>
  <testcase name="notAbleToCreatePlaylistWithInvalidToken" classname="Spotify.OAuth2.Tests.PlaylistTest" time="4.257">
    <system-out><![CDATA[Starting Test: notAbleToCreatePlaylist
Starting Test: notAbleToCreatePlaylistWithInvalidToken
Starting Test: ableToGetPlaylist
Starting Test: ableToUpdatePlaylist
Starting Test: ableToCreatePlaylist
Thread ID: 23
Thread ID: 25
Thread ID: 26
Thread ID: 27
Thread ID: 24
Renewing Token...
Request method:	POST
Request URI:	https://accounts.spotify.com/api/token
Proxy:			<none>
Request params:	<none>
Query params:	<none>
Form params:	refresh_token=AQA1UEilAOc0uLElXcTsvvaYQranfK9KPb8JqBBEIM3cIYVtZtWCGUtN4nrHqGA_acN8Az_kxFH_GJ40bFF2g4lFbx-WNt924Rkx1AQUVTmOAKG0n_wLokFMudjGzpAIXnw
				grant_type=refresh_token
				client_secret=247ca39eee5a40bbbfae99ca9d68fddd
				client_id=08a5f0124f6d430facb77e5bb514a80b
Path params:	<none>
Headers:		Accept=*/*
				Content-Type=application/x-www-form-urlencoded; charset=ISO-8859-1
Cookies:		<none>
Multiparts:		<none>
Body:			<none>
Request method:	POST
Request URI:	https://accounts.spotify.com/api/token
Proxy:			<none>
Request params:	<none>
Query params:	<none>
Form params:	refresh_token=AQA1UEilAOc0uLElXcTsvvaYQranfK9KPb8JqBBEIM3cIYVtZtWCGUtN4nrHqGA_acN8Az_kxFH_GJ40bFF2g4lFbx-WNt924Rkx1AQUVTmOAKG0n_wLokFMudjGzpAIXnw
				grant_type=refresh_token
				client_secret=247ca39eee5a40bbbfae99ca9d68fddd
				client_id=08a5f0124f6d430facb77e5bb514a80b
Path params:	<none>
Headers:		Accept=*/*
				Content-Type=application/x-www-form-urlencoded; charset=ISO-8859-1
Cookies:		<none>
Multiparts:		<none>
Body:			<none>
Request method:	POST
Request URI:	https://api.spotify.com/v1/users/31ekvnlbtpitm263y4qaoav6nske/playlists
Proxy:			<none>
Request params:	<none>
Query params:	<none>
Form params:	<none>
Path params:	<none>
Headers:		Accept=*/*
				Content-Type=application/json
Cookies:		<none>
Multiparts:		<none>
Body:
{
    "description": "Description .o.w&__ v 044 &9.+l&9w__._F+ ",
    "name": "",
    "public": false
}
HTTP/1.1 401 Unauthorized
www-authenticate: Bearer realm="spotify", error="invalid_token", error_description="Invalid access token"
access-control-allow-origin: *
access-control-allow-headers: Accept, App-Platform, Authorization, Content-Type, Origin, Retry-After, Spotify-App-Version, X-Cloud-Trace-Context, client-token, content-access-token
access-control-allow-methods: GET, POST, OPTIONS, PUT, DELETE, PATCH
access-control-allow-credentials: true
access-control-max-age: 604800
content-type: application/json
content-encoding: gzip
strict-transport-security: max-age=31536000
x-content-type-options: nosniff
date: Fri, 21 Apr 2023 08:59:52 GMT
server: envoy
Via: HTTP/2 edgeproxy, 1.1 google
Alt-Svc: h3=":443"; ma=2592000,h3-29=":443"; ma=2592000
Transfer-Encoding: chunked

{
    "error": {
        "status": 401,
        "message": "Invalid access token"
    }
}
HTTP/1.1 200 OK
date: Fri, 21 Apr 2023 08:59:52 GMT
content-type: application/json
vary: Accept-Encoding
set-cookie: __Host-device_id=AQDvfUB9r8r-fheTM3c_jnDer_5OXEVkz9JeFQcgHOabimyTAowVR3rAV_bNkGRxvEHY9CibhGHrgb97ItiLyo3FLg6jxnGzBYc;Version=1;Path=/;Max-Age=2147483647;Secure;HttpOnly;SameSite=Lax
set-cookie: sp_tr=false;Version=1;Domain=accounts.spotify.com;Path=/;Secure;SameSite=Lax
sp-trace-id: 6297c908244aba08
content-encoding: gzip
x-envoy-upstream-service-time: 26
server: envoy
strict-transport-security: max-age=31536000
x-content-type-options: nosniff
Via: HTTP/2 edgeproxy, 1.1 google
Alt-Svc: h3=":443"; ma=2592000,h3-29=":443"; ma=2592000
Transfer-Encoding: chunked

{
    "access_token": "BQAu7D8ZXkpZaYhzqLoX2oExJhtivI3ClZlBZR_uuJUpf9qL-kdflJIf-iwaGhz3Jhyik_q0NUfbIgVgXk9Ec2KmEVQjxacrx5hQcm7nCCAqwrZ5MmCF0EQPj4i3j1chlnrFEmf3KW4gxusNb8kz0iovFttnFGJ5H20a3xyJcxJFUSZF_dcmIFr7KIIUMi35ccZxuK6HlqHSJhO9_G5dzJhoBiE7rOkrkL_8B-g8vfAfy7d-VPBScNhdS0XtX6Vqg7N9CFqcmaH_MfN96g",
    "token_type": "Bearer",
    "expires_in": 3600,
    "scope": "playlist-read-private playlist-read-collaborative playlist-modify-private playlist-modify-public"
}
]]></system-out>
    <system-err><![CDATA[SLF4J: Failed to load class "org.slf4j.impl.StaticLoggerBinder".
SLF4J: Defaulting to no-operation (NOP) logger implementation
SLF4J: See http://www.slf4j.org/codes.html#StaticLoggerBinder for further details.
]]></system-err>
  </testcase>
  <testcase name="notAbleToCreatePlaylist" classname="Spotify.OAuth2.Tests.PlaylistTest" time="5.633">
    <system-out><![CDATA[No need new Token
Request method:	GET
Request URI:	https://api.spotify.com/v1/playlists/22qtOiiZgBLtosnLp1Yb4b
Proxy:			<none>
Request params:	<none>
Query params:	<none>
Form params:	<none>
Path params:	<none>
Headers:		Accept=*/*
				Content-Type=application/json
Cookies:		<none>
Multiparts:		<none>
Body:			<none>
No need new Token
No need new Token
Request method:	POST
Request URI:	https://api.spotify.com/v1/users/31ekvnlbtpitm263y4qaoav6nske/playlists
Proxy:			<none>
Request params:	<none>
Query params:	<none>
Form params:	<none>
Path params:	<none>
Headers:		Accept=*/*
				Content-Type=application/json
Cookies:		<none>
Multiparts:		<none>
Body:
{
    "description": "Descriptioni+&+C1.0.4_ .5_+_+_8+_ +.. .+4",
    "name": "Playlist-_2D 2_cD-,m __",
    "public": false
}
Request method:	PUT
Request URI:	https://api.spotify.com/v1/playlists/22qtOiiZgBLtosnLp1Yb4b
Proxy:			<none>
Request params:	<none>
Query params:	<none>
Form params:	<none>
Path params:	<none>
Headers:		Accept=*/*
				Content-Type=application/json
Cookies:		<none>
Multiparts:		<none>
Body:
{
    "description": "Description &.&Sdl_&___&W&K+U _+.k_&0&_.9",
    "name": "Playlist -C_HQ9j41, w,-",
    "public": false
}
Request method:	POST
Request URI:	https://api.spotify.com/v1/users/31ekvnlbtpitm263y4qaoav6nske/playlists
Proxy:			<none>
Request params:	<none>
Query params:	<none>
Form params:	<none>
Path params:	<none>
Headers:		Accept=*/*
				Content-Type=application/json
Cookies:		<none>
Multiparts:		<none>
Body:
{
    "description": "Description+.jn5 a + E_0 + &62.6&_7A_.1 .",
    "name": "",
    "public": false
}
HTTP/1.1 200 OK
content-type: application/json; charset=utf-8
cache-control: public, max-age=0
etag: "MC-ImI4MmY2OWQ5ODU1Y2NkZmRiMjczMGZlODM5YTNjZmI4Ig=="
x-robots-tag: noindex, nofollow
access-control-allow-origin: *
access-control-allow-headers: Accept, App-Platform, Authorization, Content-Type, Origin, Retry-After, Spotify-App-Version, X-Cloud-Trace-Context, client-token, content-access-token
access-control-allow-methods: GET, POST, OPTIONS, PUT, DELETE, PATCH
access-control-allow-credentials: true
access-control-max-age: 604800
content-encoding: gzip
strict-transport-security: max-age=31536000
x-content-type-options: nosniff
date: Fri, 21 Apr 2023 08:59:53 GMT
server: envoy
Via: HTTP/2 edgeproxy, 1.1 google
Alt-Svc: h3=":443"; ma=2592000,h3-29=":443"; ma=2592000
Transfer-Encoding: chunked

{
    "collaborative": false,
    "description": "Description.64+U+ + A+ 1x.9 .+9&amp;hn_yf+PN_",
    "external_urls": {
        "spotify": "https://open.spotify.com/playlist/22qtOiiZgBLtosnLp1Yb4b"
    },
    "followers": {
        "href": null,
        "total": 0
    },
    "href": "https://api.spotify.com/v1/playlists/22qtOiiZgBLtosnLp1Yb4b",
    "id": "22qtOiiZgBLtosnLp1Yb4b",
    "images": [
        
    ],
    "name": "Playlist0,HK 8__  Qk V ",
    "owner": {
        "display_name": "Agus",
        "external_urls": {
            "spotify": "https://open.spotify.com/user/31ekvnlbtpitm263y4qaoav6nske"
        },
        "href": "https://api.spotify.com/v1/users/31ekvnlbtpitm263y4qaoav6nske",
        "id": "31ekvnlbtpitm263y4qaoav6nske",
        "type": "user",
        "uri": "spotify:user:31ekvnlbtpitm263y4qaoav6nske"
    },
    "primary_color": null,
    "public": false,
    "snapshot_id": "MjMsZjNkOGU2NTU5ODk3MjEzNjE4YmE1ZWY2OWViOWYxN2NhNTBkM2E0NA==",
    "tracks": {
        "href": "https://api.spotify.com/v1/playlists/22qtOiiZgBLtosnLp1Yb4b/tracks?offset=0&limit=100",
        "items": [
            
        ],
        "limit": 100,
        "next": null,
        "offset": 0,
        "previous": null,
        "total": 0
    },
    "type": "playlist",
    "uri": "spotify:playlist:22qtOiiZgBLtosnLp1Yb4b"
}
HTTP/1.1 400 Bad Request
content-type: application/json; charset=utf-8
cache-control: private, max-age=0
x-robots-tag: noindex, nofollow
access-control-allow-origin: *
access-control-allow-headers: Accept, App-Platform, Authorization, Content-Type, Origin, Retry-After, Spotify-App-Version, X-Cloud-Trace-Context, client-token, content-access-token
access-control-allow-methods: GET, POST, OPTIONS, PUT, DELETE, PATCH
access-control-allow-credentials: true
access-control-max-age: 604800
content-encoding: gzip
strict-transport-security: max-age=31536000
x-content-type-options: nosniff
date: Fri, 21 Apr 2023 08:59:53 GMT
server: envoy
Via: HTTP/2 edgeproxy, 1.1 google
Alt-Svc: h3=":443"; ma=2592000,h3-29=":443"; ma=2592000
Transfer-Encoding: chunked

{
    "error": {
        "status": 400,
        "message": "Missing required field: name"
    }
}
]]></system-out>
  </testcase>
  <testcase name="ableToGetPlaylist" classname="Spotify.OAuth2.Tests.PlaylistTest" time="5.652">
    <failure message="&#10;Expected: &quot;Playlist30hXZT,dK0_m_,_&quot;&#10;     but: was &quot;Playlist0,HK 8__  Qk V &quot;" type="java.lang.AssertionError"><![CDATA[java.lang.AssertionError: 

Expected: "Playlist30hXZT,dK0_m_,_"
     but: was "Playlist0,HK 8__  Qk V "
	at org.hamcrest.MatcherAssert.assertThat(MatcherAssert.java:20)
	at org.hamcrest.MatcherAssert.assertThat(MatcherAssert.java:6)
	at Spotify.OAuth2.Tests.PlaylistTest.assertPlaylistEqual(PlaylistTest.java:34)
	at Spotify.OAuth2.Tests.PlaylistTest.ableToGetPlaylist(PlaylistTest.java:90)
	at java.base/jdk.internal.reflect.NativeMethodAccessorImpl.invoke0(Native Method)
	at java.base/jdk.internal.reflect.NativeMethodAccessorImpl.invoke(NativeMethodAccessorImpl.java:62)
	at java.base/jdk.internal.reflect.DelegatingMethodAccessorImpl.invoke(DelegatingMethodAccessorImpl.java:43)
	at java.base/java.lang.reflect.Method.invoke(Method.java:566)
	at org.testng.internal.invokers.MethodInvocationHelper.invokeMethod(MethodInvocationHelper.java:139)
	at org.testng.internal.invokers.TestInvoker.invokeMethod(TestInvoker.java:677)
	at org.testng.internal.invokers.TestInvoker.invokeTestMethod(TestInvoker.java:221)
	at org.testng.internal.invokers.MethodRunner.runInSequence(MethodRunner.java:50)
	at org.testng.internal.invokers.TestInvoker$MethodInvocationAgent.invoke(TestInvoker.java:969)
	at org.testng.internal.invokers.TestInvoker.invokeTestMethods(TestInvoker.java:194)
	at org.testng.internal.invokers.TestMethodWorker.invokeTestMethods(TestMethodWorker.java:148)
	at org.testng.internal.invokers.TestMethodWorker.run(TestMethodWorker.java:128)
	at java.base/java.util.concurrent.ThreadPoolExecutor.runWorker(ThreadPoolExecutor.java:1128)
	at java.base/java.util.concurrent.ThreadPoolExecutor$Worker.run(ThreadPoolExecutor.java:628)
	at java.base/java.lang.Thread.run(Thread.java:834)
]]></failure>
  </testcase>
  <testcase name="ableToUpdatePlaylist" classname="Spotify.OAuth2.Tests.PlaylistTest" time="5.715">
    <system-out><![CDATA[HTTP/1.1 200 OK
cache-control: private, max-age=0
x-robots-tag: noindex, nofollow
access-control-allow-origin: *
access-control-allow-headers: Accept, App-Platform, Authorization, Content-Type, Origin, Retry-After, Spotify-App-Version, X-Cloud-Trace-Context, client-token, content-access-token
access-control-allow-methods: GET, POST, OPTIONS, PUT, DELETE, PATCH
access-control-allow-credentials: true
access-control-max-age: 604800
Content-Length: 0
strict-transport-security: max-age=31536000
x-content-type-options: nosniff
date: Fri, 21 Apr 2023 08:59:53 GMT
server: envoy
Via: HTTP/2 edgeproxy, 1.1 google
Alt-Svc: h3=":443"; ma=2592000,h3-29=":443"; ma=2592000
]]></system-out>
  </testcase>
  <testcase name="ableToCreatePlaylist" classname="Spotify.OAuth2.Tests.PlaylistTest" time="5.776">
    <system-out><![CDATA[HTTP/1.1 201 Created
content-type: application/json; charset=utf-8
cache-control: private, max-age=0
location: https://api.spotify.com/v1/playlists/0lvv1LNYKrV3Om4TUKbTX3
x-robots-tag: noindex, nofollow
access-control-allow-origin: *
access-control-allow-headers: Accept, App-Platform, Authorization, Content-Type, Origin, Retry-After, Spotify-App-Version, X-Cloud-Trace-Context, client-token, content-access-token
access-control-allow-methods: GET, POST, OPTIONS, PUT, DELETE, PATCH
access-control-allow-credentials: true
access-control-max-age: 604800
content-encoding: gzip
strict-transport-security: max-age=31536000
x-content-type-options: nosniff
date: Fri, 21 Apr 2023 08:59:53 GMT
server: envoy
Via: HTTP/2 edgeproxy, 1.1 google
Alt-Svc: h3=":443"; ma=2592000,h3-29=":443"; ma=2592000
Transfer-Encoding: chunked

{
    "collaborative": false,
    "description": "Descriptioni+&+C1.0.4_ .5_+_+_8+_ +.. .+4",
    "external_urls": {
        "spotify": "https://open.spotify.com/playlist/0lvv1LNYKrV3Om4TUKbTX3"
    },
    "followers": {
        "href": null,
        "total": 0
    },
    "href": "https://api.spotify.com/v1/playlists/0lvv1LNYKrV3Om4TUKbTX3",
    "id": "0lvv1LNYKrV3Om4TUKbTX3",
    "images": [
        
    ],
    "name": "Playlist-_2D 2_cD-,m __",
    "owner": {
        "display_name": "Agus",
        "external_urls": {
            "spotify": "https://open.spotify.com/user/31ekvnlbtpitm263y4qaoav6nske"
        },
        "href": "https://api.spotify.com/v1/users/31ekvnlbtpitm263y4qaoav6nske",
        "id": "31ekvnlbtpitm263y4qaoav6nske",
        "type": "user",
        "uri": "spotify:user:31ekvnlbtpitm263y4qaoav6nske"
    },
    "primary_color": null,
    "public": false,
    "snapshot_id": "MSxmODI2Zjk5ZGJmNzU5MWExN2E1YzQzZmY2ZjMyYWU1ZGE0ZjMyYTEw",
    "tracks": {
        "href": "https://api.spotify.com/v1/playlists/0lvv1LNYKrV3Om4TUKbTX3/tracks",
        "items": [
            
        ],
        "limit": 100,
        "next": null,
        "offset": 0,
        "previous": null,
        "total": 0
    },
    "type": "playlist",
    "uri": "spotify:playlist:0lvv1LNYKrV3Om4TUKbTX3"
}
]]></system-out>
  </testcase>
</testsuite>